07/09 08:19:05 PM | 
07/09 08:19:05 PM | Parameters:
07/09 08:19:05 PM | AUX_WEIGHT=0.4
07/09 08:19:05 PM | BATCH_SIZE=256
07/09 08:19:05 PM | CUTOUT_LENGTH=16
07/09 08:19:05 PM | DATA_LOADER_TYPE=Torch
07/09 08:19:05 PM | DATA_PATH=/home/yyjiang/Projects/data/iccad19/iccad_2019_dct/32x32
07/09 08:19:05 PM | DATASET=iccad19
07/09 08:19:05 PM | DROP_PATH_PROB=0.2
07/09 08:19:05 PM | EPOCHS=600
07/09 08:19:05 PM | FEALEN=32
07/09 08:19:05 PM | FILE=
07/09 08:19:05 PM | GENOTYPE=None
07/09 08:19:05 PM | GPUS=[0, 1, 2, 3]
07/09 08:19:05 PM | GRAD_CLIP=5.0
07/09 08:19:05 PM | INIT_CHANNELS=36
07/09 08:19:05 PM | INPUT_SIZE=32
07/09 08:19:05 PM | LAYERS=8
07/09 08:19:05 PM | LR=0.05
07/09 08:19:05 PM | MOMENTUM=0.9
07/09 08:19:05 PM | NAME=hsd-mg
07/09 08:19:05 PM | PATH=/home/yyjiang/Projects/bayes_darts/augments/hsd-mg/Thu_Jul__9_20:18:54_2020ZZYJVCIF
07/09 08:19:05 PM | PRINT_FREQ=50
07/09 08:19:05 PM | SAVE_DIR=/home/yyjiang/Projects/bayes_darts/augments
07/09 08:19:05 PM | SAVE_PATH=
07/09 08:19:05 PM | SEED=2
07/09 08:19:05 PM | VAL_SET=0
07/09 08:19:05 PM | WEIGHT_DECAY=0.0003
07/09 08:19:05 PM | WORKERS=8
07/09 08:19:05 PM | 
07/09 08:19:05 PM | Logger is set - training start
07/09 08:22:52 PM | Model size = 1.387 MB
07/09 08:22:52 PM | Epoch 0 LR 0.05
07/09 08:23:03 PM | Train: [  1/600] Step 000/071 Loss: 1.067 Recall: 0.472 FA: 100 F1: 0.418118
07/09 08:23:03 PM | [ 29 100  67  60]
07/09 08:23:24 PM | Train: [  1/600] Step 050/071 Loss: 0.536 Recall: 0.921 FA: 26 F1: 0.857143
07/09 08:23:24 PM | [116  26   9 105]
07/09 08:23:36 PM | Train: [  1/600] Step 071/071 Loss: 0.492 Recall: 0.833 FA: 8 F1: 0.731707
07/09 08:23:36 PM | [23  8  3 15]
07/09 08:23:36 PM | Train: [  1/600] Final Recall 85.7506% FA 1434 F1: 85.0637%
07/09 08:23:36 PM | [7752 1434 1288 7751]
07/09 08:23:37 PM | Valid: [  1/600] Step 000/061 Loss: 0.219 Recall: 0.692 FA: 19 F1: 0.439024
07/09 08:23:37 PM | [224  19   4   9]
07/09 08:23:41 PM | Valid: [  1/600] Final Recall 71.3115% FA 684 F1: 45.7895%
07/09 08:23:41 PM | [6508  684  140  348]
07/09 08:23:41 PM | Valid: Time Spent: 4.399819s
07/09 08:23:41 PM | 

07/09 08:23:41 PM | [0.4578947368421053]
07/09 08:26:53 PM | Model size = 1.172 MB
07/09 08:26:53 PM | Epoch 0 LR 0.05
07/09 08:26:55 PM | Train: [  1/600] Step 000/071 Loss: 0.992 Recall: 0.571 FA: 32 F1: 0.634921
07/09 08:26:55 PM | [84 32 60 80]
07/09 08:27:12 PM | Train: [  1/600] Step 050/071 Loss: 0.603 Recall: 0.853 FA: 9 F1: 0.888889
07/09 08:27:12 PM | [111   9  20 116]
07/09 08:27:19 PM | Train: [  1/600] Step 071/071 Loss: 0.555 Recall: 0.893 FA: 1 F1: 0.925926
07/09 08:27:19 PM | [20  1  3 25]
07/09 08:27:19 PM | Train: [  1/600] Final Recall 85.4506% FA 1569 F1: 84.4435%
07/09 08:27:19 PM | [7391 1569 1348 7917]
07/09 08:27:19 PM | Valid: [  1/600] Step 000/061 Loss: 0.186 Recall: 0.684 FA: 15 F1: 0.553191
07/09 08:27:19 PM | [222  15   6  13]
07/09 08:27:23 PM | Valid: [  1/600] Final Recall 50.3055% FA 476 F1: 40.6919%
07/09 08:27:23 PM | [6713  476  244  247]
07/09 08:27:23 PM | Valid: Time Spent: 3.787547s
07/09 08:27:23 PM | 

07/09 08:27:23 PM | [0.40691927512355847]
07/09 08:30:38 PM | Model size = 1.328 MB
07/09 08:30:38 PM | Epoch 0 LR 0.05
07/09 08:30:39 PM | Train: [  1/600] Step 000/071 Loss: 0.928 Recall: 0.526 FA: 34 F1: 0.590717
07/09 08:30:39 PM | [89 34 63 70]
07/09 08:30:58 PM | Train: [  1/600] Step 050/071 Loss: 0.507 Recall: 0.933 FA: 20 F1: 0.888889
07/09 08:30:58 PM | [116  20   8 112]
07/09 08:31:06 PM | Train: [  1/600] Step 071/071 Loss: 0.475 Recall: 0.778 FA: 2 F1: 0.840000
07/09 08:31:06 PM | [20  2  6 21]
07/09 08:31:06 PM | Train: [  1/600] Final Recall 86.6725% FA 1382 F1: 85.9123%
07/09 08:31:06 PM | [7689 1382 1220 7934]
07/09 08:31:06 PM | Valid: [  1/600] Step 000/061 Loss: 0.570 Recall: 0.773 FA: 40 F1: 0.430380
07/09 08:31:06 PM | [194  40   5  17]
07/09 08:31:13 PM | Valid: [  1/600] Final Recall 81.3163% FA 1050 F1: 40.2311%
07/09 08:31:13 PM | [5909 1050   88  383]
07/09 08:31:13 PM | Valid: Time Spent: 7.055833s
07/09 08:31:13 PM | 

07/09 08:31:13 PM | [0.4023109243697479]
07/09 08:34:29 PM | Model size = 1.484 MB
07/09 08:34:29 PM | Epoch 0 LR 0.05
07/09 08:34:31 PM | Train: [  1/600] Step 000/071 Loss: 0.945 Recall: 0.622 FA: 29 F1: 0.672340
07/09 08:34:31 PM | [100  29  48  79]
07/09 08:34:53 PM | Train: [  1/600] Step 050/071 Loss: 0.516 Recall: 0.926 FA: 25 F1: 0.868217
07/09 08:34:53 PM | [110  25   9 112]
07/09 08:35:02 PM | Train: [  1/600] Step 071/071 Loss: 0.475 Recall: 1.000 FA: 2 F1: 0.958333
07/09 08:35:02 PM | [24  2  0 23]
07/09 08:35:02 PM | Train: [  1/600] Final Recall 86.8612% FA 1395 F1: 85.9057%
07/09 08:35:02 PM | [7750 1395 1193 7887]
07/09 08:35:02 PM | Valid: [  1/600] Step 000/061 Loss: 1.023 Recall: 0.714 FA: 53 F1: 0.337079
07/09 08:35:02 PM | [182  53   6  15]
07/09 08:35:07 PM | Valid: [  1/600] Final Recall 72.9124% FA 1399 F1: 31.8505%
07/09 08:35:07 PM | [5790 1399  133  358]
07/09 08:35:07 PM | Valid: Time Spent: 4.396650s
07/09 08:35:07 PM | 

07/09 08:35:07 PM | [0.31850533807829184]
07/09 08:38:12 PM | Model size = 1.517 MB
07/09 08:38:12 PM | Epoch 0 LR 0.05
07/09 08:38:13 PM | Train: [  1/600] Step 000/071 Loss: 1.467 Recall: 0.361 FA: 105 F1: 0.322097
07/09 08:38:13 PM | [ 32 105  76  43]
07/09 08:38:34 PM | Train: [  1/600] Step 050/071 Loss: 0.569 Recall: 0.899 FA: 22 F1: 0.862903
07/09 08:38:34 PM | [115  22  12 107]
07/09 08:38:43 PM | Train: [  1/600] Step 071/071 Loss: 0.518 Recall: 0.950 FA: 5 F1: 0.863636
07/09 08:38:43 PM | [24  5  1 19]
07/09 08:38:43 PM | Train: [  1/600] Final Recall 85.0437% FA 1597 F1: 83.9013%
07/09 08:38:43 PM | [7595 1597 1351 7682]
07/09 08:38:43 PM | Valid: [  1/600] Step 000/061 Loss: 0.422 Recall: 0.750 FA: 41 F1: 0.433735
07/09 08:38:43 PM | [191  41   6  18]
07/09 08:38:47 PM | Valid: [  1/600] Final Recall 76.9068% FA 1406 F1: 32.3963%
07/09 08:38:47 PM | [5552 1406  109  363]
07/09 08:38:47 PM | Valid: Time Spent: 4.658717s
07/09 08:38:47 PM | 

07/09 08:38:47 PM | [0.323962516733601]
07/09 08:41:21 PM | Model size = 1.236 MB
07/09 08:41:21 PM | Epoch 0 LR 0.05
07/09 08:41:22 PM | Train: [  1/600] Step 000/071 Loss: 0.988 Recall: 0.554 FA: 22 F1: 0.650794
07/09 08:41:22 PM | [86 22 66 82]
07/09 08:41:38 PM | Train: [  1/600] Step 050/071 Loss: 0.557 Recall: 0.864 FA: 31 F1: 0.812749
07/09 08:41:38 PM | [107  31  16 102]
07/09 08:41:45 PM | Train: [  1/600] Step 071/071 Loss: 0.511 Recall: 0.867 FA: 1 F1: 0.912281
07/09 08:41:45 PM | [18  1  4 26]
07/09 08:41:45 PM | Train: [  1/600] Final Recall 85.2556% FA 1403 F1: 85.0095%
07/09 08:41:45 PM | [7666 1403 1350 7806]
07/09 08:41:45 PM | Valid: [  1/600] Step 000/061 Loss: 0.384 Recall: 0.810 FA: 27 F1: 0.523077
07/09 08:41:45 PM | [208  27   4  17]
07/09 08:41:49 PM | Valid: [  1/600] Final Recall 76.5531% FA 884 F1: 43.2861%
07/09 08:41:49 PM | [6297  884  117  382]
07/09 08:41:49 PM | Valid: Time Spent: 3.748529s
07/09 08:41:49 PM | 

07/09 08:41:49 PM | [0.43286118980169974]
07/09 08:44:43 PM | Model size = 1.359 MB
07/09 08:44:43 PM | Epoch 0 LR 0.05
07/09 08:44:44 PM | Train: [  1/600] Step 000/071 Loss: 1.091 Recall: 0.451 FA: 83 F1: 0.445205
07/09 08:44:44 PM | [29 83 79 65]
07/09 08:45:03 PM | Train: [  1/600] Step 050/071 Loss: 0.537 Recall: 0.897 FA: 14 F1: 0.893281
07/09 08:45:03 PM | [116  14  13 113]
07/09 08:45:10 PM | Train: [  1/600] Step 071/071 Loss: 0.494 Recall: 0.957 FA: 5 F1: 0.880000
07/09 08:45:10 PM | [21  5  1 22]
07/09 08:45:11 PM | Train: [  1/600] Final Recall 85.9466% FA 1507 F1: 84.8833%
07/09 08:45:11 PM | [7617 1507 1279 7822]
07/09 08:45:11 PM | Valid: [  1/600] Step 000/061 Loss: 0.499 Recall: 0.941 FA: 28 F1: 0.524590
07/09 08:45:11 PM | [211  28   1  16]
07/09 08:45:15 PM | Valid: [  1/600] Final Recall 88.3966% FA 1089 F1: 42.2805%
07/09 08:45:15 PM | [5867 1089   55  419]
07/09 08:45:15 PM | Valid: Time Spent: 4.335786s
07/09 08:45:15 PM | 

07/09 08:45:15 PM | [0.4228052472250252]
07/09 08:48:14 PM | Model size = 1.547 MB
07/09 08:48:14 PM | Epoch 0 LR 0.05
07/09 08:48:15 PM | Train: [  1/600] Step 000/071 Loss: 0.967 Recall: 0.515 FA: 26 F1: 0.602620
07/09 08:48:15 PM | [96 26 65 69]
07/09 08:48:35 PM | Train: [  1/600] Step 050/071 Loss: 0.517 Recall: 0.952 FA: 23 F1: 0.890566
07/09 08:48:35 PM | [109  23   6 118]
07/09 08:48:43 PM | Train: [  1/600] Step 071/071 Loss: 0.481 Recall: 0.952 FA: 5 F1: 0.869565
07/09 08:48:43 PM | [23  5  1 20]
07/09 08:48:44 PM | Train: [  1/600] Final Recall 86.2458% FA 1448 F1: 85.2732%
07/09 08:48:44 PM | [7747 1448 1242 7788]
07/09 08:48:44 PM | Valid: [  1/600] Step 000/061 Loss: 0.282 Recall: 0.786 FA: 32 F1: 0.385965
07/09 08:48:44 PM | [210  32   3  11]
07/09 08:48:48 PM | Valid: [  1/600] Final Recall 72.0978% FA 1120 F1: 36.0305%
07/09 08:48:48 PM | [6069 1120  137  354]
07/09 08:48:48 PM | Valid: Time Spent: 4.595564s
07/09 08:48:48 PM | 

07/09 08:48:48 PM | [0.3603053435114504]
07/09 08:52:38 PM | Model size = 1.363 MB
07/09 08:52:38 PM | Epoch 0 LR 0.05
07/09 08:52:40 PM | Train: [  1/600] Step 000/071 Loss: 1.020 Recall: 0.397 FA: 77 F1: 0.404494
07/09 08:52:40 PM | [43 77 82 54]
07/09 08:53:01 PM | Train: [  1/600] Step 050/071 Loss: 0.538 Recall: 0.938 FA: 24 F1: 0.872428
07/09 08:53:01 PM | [119  24   7 106]
07/09 08:53:09 PM | Train: [  1/600] Step 071/071 Loss: 0.492 Recall: 1.000 FA: 2 F1: 0.960000
07/09 08:53:09 PM | [23  2  0 24]
07/09 08:53:09 PM | Train: [  1/600] Final Recall 86.9523% FA 1482 F1: 85.6223%
07/09 08:53:09 PM | [7569 1482 1197 7977]
07/09 08:53:09 PM | Valid: [  1/600] Step 000/061 Loss: 0.388 Recall: 0.611 FA: 29 F1: 0.379310
07/09 08:53:09 PM | [209  29   7  11]
07/09 08:53:14 PM | Valid: [  1/600] Final Recall 68.4100% FA 693 F1: 43.6582%
07/09 08:53:14 PM | [6259  693  151  327]
07/09 08:53:14 PM | Valid: Time Spent: 4.923613s
07/09 08:53:14 PM | 

07/09 08:53:14 PM | [0.4365821094793058]
07/09 08:56:39 PM | Model size = 1.265 MB
07/09 08:56:39 PM | Epoch 0 LR 0.05
07/09 08:56:40 PM | Train: [  1/600] Step 000/071 Loss: 0.896 Recall: 0.700 FA: 32 F1: 0.719368
07/09 08:56:40 PM | [94 32 39 91]
07/09 08:56:58 PM | Train: [  1/600] Step 050/071 Loss: 0.588 Recall: 0.854 FA: 22 F1: 0.840000
07/09 08:56:58 PM | [111  22  18 105]
07/09 08:57:06 PM | Train: [  1/600] Step 071/071 Loss: 0.527 Recall: 0.708 FA: 3 F1: 0.772727
07/09 08:57:06 PM | [22  3  7 17]
07/09 08:57:06 PM | Train: [  1/600] Final Recall 85.6813% FA 1480 F1: 84.8508%
07/09 08:57:06 PM | [7652 1480 1302 7791]
07/09 08:57:06 PM | Valid: [  1/600] Step 000/061 Loss: 1.057 Recall: 0.667 FA: 43 F1: 0.294118
07/09 08:57:06 PM | [198  43   5  10]
07/09 08:57:11 PM | Valid: [  1/600] Final Recall 76.5784% FA 1078 F1: 38.6632%
07/09 08:57:11 PM | [6111 1078  115  376]
07/09 08:57:11 PM | Valid: Time Spent: 4.988708s
07/09 08:57:11 PM | 

07/09 08:57:11 PM | [0.3866323907455013]
07/09 09:01:02 PM | Model size = 1.389 MB
07/09 09:01:02 PM | Epoch 0 LR 0.05
07/09 09:01:03 PM | Train: [  1/600] Step 000/071 Loss: 1.188 Recall: 0.341 FA: 98 F1: 0.322097
07/09 09:01:03 PM | [32 98 83 43]
07/09 09:01:21 PM | Train: [  1/600] Step 050/071 Loss: 0.565 Recall: 0.931 FA: 16 F1: 0.906367
07/09 09:01:21 PM | [110  16   9 121]
07/09 09:01:29 PM | Train: [  1/600] Step 071/071 Loss: 0.520 Recall: 0.875 FA: 1 F1: 0.913043
07/09 09:01:29 PM | [24  1  3 21]
07/09 09:01:29 PM | Train: [  1/600] Final Recall 85.7441% FA 1591 F1: 84.3863%
07/09 09:01:29 PM | [7529 1591 1298 7807]
07/09 09:01:29 PM | Valid: [  1/600] Step 000/061 Loss: 0.376 Recall: 0.750 FA: 41 F1: 0.290323
07/09 09:01:29 PM | [203  41   3   9]
07/09 09:01:34 PM | Valid: [  1/600] Final Recall 69.0678% FA 1640 F1: 26.7432%
07/09 09:01:34 PM | [5318 1640  146  326]
07/09 09:01:34 PM | Valid: Time Spent: 4.974760s
07/09 09:01:34 PM | 

07/09 09:01:34 PM | [0.2674323215750615]
07/09 09:05:23 PM | Model size = 1.295 MB
07/09 09:05:23 PM | Epoch 0 LR 0.05
07/09 09:05:24 PM | Train: [  1/600] Step 000/071 Loss: 1.172 Recall: 0.338 FA: 93 F1: 0.334545
07/09 09:05:24 PM | [27 93 90 46]
07/09 09:05:44 PM | Train: [  1/600] Step 050/071 Loss: 0.641 Recall: 0.876 FA: 9 F1: 0.902256
07/09 09:05:44 PM | [110   9  17 120]
07/09 09:05:51 PM | Train: [  1/600] Step 071/071 Loss: 0.600 Recall: 1.000 FA: 5 F1: 0.905660
07/09 09:05:51 PM | [20  5  0 24]
07/09 09:05:52 PM | Train: [  1/600] Final Recall 83.4873% FA 1643 F1: 82.9284%
07/09 09:05:52 PM | [7383 1643 1519 7680]
07/09 09:05:52 PM | Valid: [  1/600] Step 000/061 Loss: 0.566 Recall: 0.882 FA: 73 F1: 0.285714
07/09 09:05:52 PM | [166  73   2  15]
07/09 09:05:56 PM | Valid: [  1/600] Final Recall 95.3722% FA 1848 F1: 33.6289%
07/09 09:05:56 PM | [5335 1848   23  474]
07/09 09:05:56 PM | Valid: Time Spent: 4.788656s
07/09 09:05:56 PM | 

07/09 09:05:56 PM | [0.33628946434905993]
07/09 09:09:50 PM | Model size = 1.240 MB
07/09 09:09:50 PM | Epoch 0 LR 0.05
07/09 09:09:52 PM | Train: [  1/600] Step 000/071 Loss: 0.950 Recall: 0.595 FA: 66 F1: 0.555985
07/09 09:09:52 PM | [69 66 49 72]
07/09 09:10:09 PM | Train: [  1/600] Step 050/071 Loss: 0.504 Recall: 0.967 FA: 20 F1: 0.907692
07/09 09:10:09 PM | [114  20   4 118]
07/09 09:10:16 PM | Train: [  1/600] Step 071/071 Loss: 0.465 Recall: 0.846 FA: 4 F1: 0.846154
07/09 09:10:16 PM | [19  4  4 22]
07/09 09:10:16 PM | Train: [  1/600] Final Recall 87.9277% FA 1360 F1: 86.7767%
07/09 09:10:16 PM | [7629 1360 1115 8121]
07/09 09:10:16 PM | Valid: [  1/600] Step 000/061 Loss: 0.224 Recall: 0.812 FA: 26 F1: 0.472727
07/09 09:10:16 PM | [214  26   3  13]
07/09 09:10:21 PM | Valid: [  1/600] Final Recall 64.8069% FA 740 F1: 40.0531%
07/09 09:10:21 PM | [6224  740  164  302]
07/09 09:10:21 PM | Valid: Time Spent: 4.668203s
07/09 09:10:21 PM | 

07/09 09:10:21 PM | [0.4005305039787798]
07/09 09:14:09 PM | Model size = 1.428 MB
07/09 09:14:09 PM | Epoch 0 LR 0.05
07/09 09:14:10 PM | Train: [  1/600] Step 000/071 Loss: 0.956 Recall: 0.598 FA: 41 F1: 0.618644
07/09 09:14:10 PM | [93 41 49 73]
07/09 09:14:30 PM | Train: [  1/600] Step 050/071 Loss: 0.507 Recall: 0.894 FA: 16 F1: 0.887218
07/09 09:14:30 PM | [108  16  14 118]
07/09 09:14:38 PM | Train: [  1/600] Step 071/071 Loss: 0.473 Recall: 0.900 FA: 5 F1: 0.837209
07/09 09:14:38 PM | [24  5  2 18]
07/09 09:14:38 PM | Train: [  1/600] Final Recall 86.8593% FA 1325 F1: 86.2947%
07/09 09:14:38 PM | [7730 1325 1205 7965]
07/09 09:14:38 PM | Valid: [  1/600] Step 000/061 Loss: 0.194 Recall: 0.438 FA: 11 F1: 0.411765
07/09 09:14:38 PM | [229  11   9   7]
07/09 09:14:44 PM | Valid: [  1/600] Final Recall 27.8884% FA 307 F1: 29.5047%
07/09 09:14:44 PM | [6871  307  362  140]
07/09 09:14:44 PM | Valid: Time Spent: 5.977437s
07/09 09:14:44 PM | 

07/09 09:14:44 PM | [0.2950474183350895]
07/09 09:18:33 PM | Model size = 1.363 MB
07/09 09:18:33 PM | Epoch 0 LR 0.05
07/09 09:18:34 PM | Train: [  1/600] Step 000/071 Loss: 0.936 Recall: 0.511 FA: 32 F1: 0.584746
07/09 09:18:34 PM | [89 32 66 69]
07/09 09:18:53 PM | Train: [  1/600] Step 050/071 Loss: 0.559 Recall: 0.962 FA: 23 F1: 0.899281
07/09 09:18:53 PM | [103  23   5 125]
07/09 09:19:00 PM | Train: [  1/600] Step 071/071 Loss: 0.504 Recall: 0.788 FA: 1 F1: 0.866667
07/09 09:19:00 PM | [15  1  7 26]
07/09 09:19:01 PM | Train: [  1/600] Final Recall 85.7127% FA 1435 F1: 85.1425%
07/09 09:19:01 PM | [7607 1435 1312 7871]
07/09 09:19:01 PM | Valid: [  1/600] Step 000/061 Loss: 0.352 Recall: 0.833 FA: 35 F1: 0.441176
07/09 09:19:01 PM | [203  35   3  15]
07/09 09:19:06 PM | Valid: [  1/600] Final Recall 82.9787% FA 959 F1: 42.8807%
07/09 09:19:06 PM | [6001  959   80  390]
07/09 09:19:06 PM | Valid: Time Spent: 5.334269s
07/09 09:19:06 PM | 

07/09 09:19:06 PM | [0.4288070368334249]
07/09 09:22:31 PM | Model size = 1.300 MB
07/09 09:22:31 PM | Epoch 0 LR 0.05
07/09 09:22:33 PM | Train: [  1/600] Step 000/071 Loss: 1.022 Recall: 0.446 FA: 62 F1: 0.471483
07/09 09:22:33 PM | [55 62 77 62]
07/09 09:22:52 PM | Train: [  1/600] Step 050/071 Loss: 0.550 Recall: 0.902 FA: 15 F1: 0.890688
07/09 09:22:52 PM | [119  15  12 110]
07/09 09:23:01 PM | Train: [  1/600] Step 071/071 Loss: 0.499 Recall: 1.000 FA: 3 F1: 0.936170
07/09 09:23:01 PM | [24  3  0 22]
07/09 09:23:01 PM | Train: [  1/600] Final Recall 85.1557% FA 1519 F1: 84.3406%
07/09 09:23:01 PM | [7652 1519 1344 7710]
07/09 09:23:01 PM | Valid: [  1/600] Step 000/061 Loss: 0.405 Recall: 0.818 FA: 33 F1: 0.339623
07/09 09:23:01 PM | [212  33   2   9]
07/09 09:23:05 PM | Valid: [  1/600] Final Recall 80.6773% FA 937 F1: 43.9262%
07/09 09:23:05 PM | [6241  937   97  405]
07/09 09:23:05 PM | Valid: Time Spent: 4.040799s
07/09 09:23:05 PM | 

07/09 09:23:05 PM | [0.4392624728850325]
07/09 09:26:51 PM | Model size = 1.398 MB
07/09 09:26:51 PM | Epoch 0 LR 0.05
07/09 09:26:53 PM | Train: [  1/600] Step 000/071 Loss: 1.208 Recall: 0.445 FA: 104 F1: 0.394464
07/09 09:26:53 PM | [ 24 104  71  57]
07/09 09:27:13 PM | Train: [  1/600] Step 050/071 Loss: 0.580 Recall: 0.865 FA: 14 F1: 0.877863
07/09 09:27:13 PM | [109  14  18 115]
07/09 09:27:21 PM | Train: [  1/600] Step 071/071 Loss: 0.526 Recall: 0.889 FA: 3 F1: 0.864865
07/09 09:27:21 PM | [28  3  2 16]
07/09 09:27:21 PM | Train: [  1/600] Final Recall 84.9708% FA 1597 F1: 83.9046%
07/09 09:27:21 PM | [7539 1597 1366 7723]
07/09 09:27:21 PM | Valid: [  1/600] Step 000/061 Loss: 0.733 Recall: 0.615 FA: 35 F1: 0.285714
07/09 09:27:21 PM | [208  35   5   8]
07/09 09:27:27 PM | Valid: [  1/600] Final Recall 67.7966% FA 848 F1: 39.0244%
07/09 09:27:27 PM | [6110  848  152  320]
07/09 09:27:27 PM | Valid: Time Spent: 5.762189s
07/09 09:27:27 PM | 

07/09 09:27:27 PM | [0.3902439024390244]
07/09 09:30:59 PM | Model size = 1.329 MB
07/09 09:30:59 PM | Epoch 0 LR 0.05
07/09 09:31:00 PM | Train: [  1/600] Step 000/071 Loss: 0.889 Recall: 0.750 FA: 47 F1: 0.696000
07/09 09:31:00 PM | [93 47 29 87]
07/09 09:31:21 PM | Train: [  1/600] Step 050/071 Loss: 0.516 Recall: 0.901 FA: 13 F1: 0.897119
07/09 09:31:21 PM | [122  13  12 109]
07/09 09:31:29 PM | Train: [  1/600] Step 071/071 Loss: 0.484 Recall: 0.962 FA: 0 F1: 0.980392
07/09 09:31:29 PM | [23  0  1 25]
07/09 09:31:29 PM | Train: [  1/600] Final Recall 86.1888% FA 1415 F1: 85.4836%
07/09 09:31:29 PM | [7658 1415 1264 7888]
07/09 09:31:29 PM | Valid: [  1/600] Step 000/061 Loss: 0.228 Recall: 0.846 FA: 25 F1: 0.448980
07/09 09:31:29 PM | [218  25   2  11]
07/09 09:31:33 PM | Valid: [  1/600] Final Recall 73.4940% FA 800 F1: 43.9904%
07/09 09:31:33 PM | [6382  800  132  366]
07/09 09:31:33 PM | Valid: Time Spent: 4.177090s
07/09 09:31:33 PM | 

07/09 09:31:33 PM | [0.4399038461538461]
07/09 09:35:07 PM | Model size = 1.236 MB
07/09 09:35:07 PM | Epoch 0 LR 0.05
07/09 09:35:08 PM | Train: [  1/600] Step 000/071 Loss: 1.288 Recall: 0.275 FA: 112 F1: 0.239044
07/09 09:35:08 PM | [ 35 112  79  30]
07/09 09:35:26 PM | Train: [  1/600] Step 050/071 Loss: 0.560 Recall: 0.838 FA: 10 F1: 0.875502
07/09 09:35:26 PM | [116  10  21 109]
07/09 09:35:33 PM | Train: [  1/600] Step 071/071 Loss: 0.513 Recall: 0.821 FA: 2 F1: 0.867925
07/09 09:35:33 PM | [19  2  5 23]
07/09 09:35:33 PM | Train: [  1/600] Final Recall 85.5907% FA 1480 F1: 84.8291%
07/09 09:35:33 PM | [7612 1480 1316 7817]
07/09 09:35:34 PM | Valid: [  1/600] Step 000/061 Loss: 0.526 Recall: 0.812 FA: 65 F1: 0.276596
07/09 09:35:34 PM | [175  65   3  13]
07/09 09:35:39 PM | Valid: [  1/600] Final Recall 89.6842% FA 2162 F1: 27.8159%
07/09 09:35:39 PM | [4793 2162   49  426]
07/09 09:35:39 PM | Valid: Time Spent: 5.542692s
07/09 09:35:39 PM | 

07/09 09:35:39 PM | [0.2781586679725759]
07/09 09:39:02 PM | Model size = 1.295 MB
07/09 09:39:02 PM | Epoch 0 LR 0.05
07/09 09:39:03 PM | Train: [  1/600] Step 000/071 Loss: 1.090 Recall: 0.417 FA: 88 F1: 0.382470
07/09 09:39:03 PM | [53 88 67 48]
07/09 09:39:21 PM | Train: [  1/600] Step 050/071 Loss: 0.616 Recall: 0.847 FA: 23 F1: 0.840580
07/09 09:39:21 PM | [ 96  23  21 116]
07/09 09:39:28 PM | Train: [  1/600] Step 071/071 Loss: 0.562 Recall: 0.900 FA: 3 F1: 0.878049
07/09 09:39:28 PM | [26  3  2 18]
07/09 09:39:28 PM | Train: [  1/600] Final Recall 82.8350% FA 1550 F1: 82.9391%
07/09 09:39:28 PM | [7511 1550 1573 7591]
07/09 09:39:28 PM | Valid: [  1/600] Step 000/061 Loss: 0.418 Recall: 0.611 FA: 26 F1: 0.400000
07/09 09:39:28 PM | [212  26   7  11]
07/09 09:39:32 PM | Valid: [  1/600] Final Recall 70.0413% FA 776 F1: 42.4015%
07/09 09:39:32 PM | [6420  776  145  339]
07/09 09:39:32 PM | Valid: Time Spent: 4.743808s
07/09 09:39:32 PM | 

07/09 09:39:32 PM | [0.42401500938086306]
07/09 09:42:58 PM | Model size = 1.389 MB
07/09 09:42:58 PM | Epoch 0 LR 0.05
07/09 09:42:59 PM | Train: [  1/600] Step 000/071 Loss: 1.058 Recall: 0.385 FA: 88 F1: 0.378182
07/09 09:42:59 PM | [33 88 83 52]
07/09 09:43:19 PM | Train: [  1/600] Step 050/071 Loss: 0.553 Recall: 0.947 FA: 18 F1: 0.899160
07/09 09:43:19 PM | [125  18   6 107]
07/09 09:43:26 PM | Train: [  1/600] Step 071/071 Loss: 0.512 Recall: 0.826 FA: 5 F1: 0.808511
07/09 09:43:26 PM | [21  5  4 19]
07/09 09:43:26 PM | Train: [  1/600] Final Recall 84.1254% FA 1473 F1: 83.9394%
07/09 09:43:27 PM | [7725 1473 1433 7594]
07/09 09:43:27 PM | Valid: [  1/600] Step 000/061 Loss: 0.391 Recall: 0.842 FA: 27 F1: 0.516129
07/09 09:43:27 PM | [210  27   3  16]
07/09 09:43:32 PM | Valid: [  1/600] Final Recall 76.1411% FA 914 F1: 41.6336%
07/09 09:43:32 PM | [6034  914  115  367]
07/09 09:43:32 PM | Valid: Time Spent: 5.749175s
07/09 09:43:32 PM | 

07/09 09:43:32 PM | [0.41633579126488934]
07/09 09:46:54 PM | Model size = 1.286 MB
07/09 09:46:54 PM | Epoch 0 LR 0.05
07/09 09:46:57 PM | Train: [  1/600] Step 000/071 Loss: 0.892 Recall: 0.766 FA: 43 F1: 0.706897
07/09 09:46:57 PM | [106  43  25  82]
07/09 09:47:10 PM | Train: [  1/600] Step 050/071 Loss: 0.570 Recall: 0.754 FA: 9 F1: 0.826087
07/09 09:47:10 PM | [121   9  31  95]
07/09 09:47:15 PM | Train: [  1/600] Step 071/071 Loss: 0.528 Recall: 0.875 FA: 2 F1: 0.893617
07/09 09:47:15 PM | [23  2  3 21]
07/09 09:47:16 PM | Train: [  1/600] Final Recall 85.7636% FA 1447 F1: 84.9691%
07/09 09:47:16 PM | [7794 1447 1279 7705]
07/09 09:47:16 PM | Valid: [  1/600] Step 000/061 Loss: 0.464 Recall: 0.737 FA: 37 F1: 0.400000
07/09 09:47:16 PM | [200  37   5  14]
07/09 09:47:19 PM | Valid: [  1/600] Final Recall 78.6307% FA 986 F1: 41.0395%
07/09 09:47:19 PM | [6212  986  103  379]
07/09 09:47:19 PM | Valid: Time Spent: 3.821802s
07/09 09:47:19 PM | 

07/09 09:47:19 PM | [0.4103952355170547]
07/09 09:50:49 PM | Model size = 1.368 MB
07/09 09:50:49 PM | Epoch 0 LR 0.05
07/09 09:50:51 PM | Train: [  1/600] Step 000/071 Loss: 1.091 Recall: 0.424 FA: 112 F1: 0.357143
07/09 09:50:51 PM | [ 26 112  68  50]
07/09 09:51:12 PM | Train: [  1/600] Step 050/071 Loss: 0.515 Recall: 0.884 FA: 10 F1: 0.903704
07/09 09:51:12 PM | [108  10  16 122]
07/09 09:51:20 PM | Train: [  1/600] Step 071/071 Loss: 0.487 Recall: 0.778 FA: 3 F1: 0.823529
07/09 09:51:20 PM | [19  3  6 21]
07/09 09:51:20 PM | Train: [  1/600] Final Recall 86.8531% FA 1505 F1: 85.3911%
07/09 09:51:20 PM | [7638 1505 1194 7888]
07/09 09:51:20 PM | Valid: [  1/600] Step 000/061 Loss: 0.658 Recall: 0.579 FA: 32 F1: 0.354839
07/09 09:51:20 PM | [205  32   8  11]
07/09 09:51:25 PM | Valid: [  1/600] Final Recall 62.7572% FA 1037 F1: 33.3698%
07/09 09:51:25 PM | [5907 1037  181  305]
07/09 09:51:25 PM | Valid: Time Spent: 4.954150s
07/09 09:51:25 PM | 

07/09 09:51:25 PM | [0.33369803063457326]
07/09 09:54:49 PM | Model size = 1.517 MB
07/09 09:54:49 PM | Epoch 0 LR 0.05
07/09 09:54:50 PM | Train: [  1/600] Step 000/071 Loss: 1.059 Recall: 0.354 FA: 80 F1: 0.357143
07/09 09:54:50 PM | [49 80 82 45]
07/09 09:55:13 PM | Train: [  1/600] Step 050/071 Loss: 0.530 Recall: 0.803 FA: 17 F1: 0.827004
07/09 09:55:13 PM | [117  17  24  98]
07/09 09:55:22 PM | Train: [  1/600] Step 071/071 Loss: 0.485 Recall: 0.929 FA: 3 F1: 0.912281
07/09 09:55:22 PM | [18  3  2 26]
07/09 09:55:22 PM | Train: [  1/600] Final Recall 85.3914% FA 1426 F1: 84.9186%
07/09 09:55:22 PM | [7729 1426 1325 7745]
07/09 09:55:22 PM | Valid: [  1/600] Step 000/061 Loss: 0.326 Recall: 0.900 FA: 43 F1: 0.444444
07/09 09:55:22 PM | [193  43   2  18]
07/09 09:55:26 PM | Valid: [  1/600] Final Recall 92.3077% FA 1256 F1: 40.7153%
07/09 09:55:26 PM | [5943 1256   37  444]
07/09 09:55:26 PM | Valid: Time Spent: 4.625056s
07/09 09:55:26 PM | 

07/09 09:55:26 PM | [0.4071526822558459]
07/09 09:58:58 PM | Model size = 1.300 MB
07/09 09:58:58 PM | Epoch 0 LR 0.05
07/09 09:58:59 PM | Train: [  1/600] Step 000/071 Loss: 0.818 Recall: 0.746 FA: 39 F1: 0.722222
07/09 09:58:59 PM | [95 39 31 91]
07/09 09:59:18 PM | Train: [  1/600] Step 050/071 Loss: 0.527 Recall: 0.861 FA: 12 F1: 0.876106
07/09 09:59:18 PM | [129  12  16  99]
07/09 09:59:27 PM | Train: [  1/600] Step 071/071 Loss: 0.489 Recall: 1.000 FA: 5 F1: 0.897959
07/09 09:59:27 PM | [22  5  0 22]
07/09 09:59:27 PM | Train: [  1/600] Final Recall 86.2771% FA 1409 F1: 85.5515%
07/09 09:59:27 PM | [7678 1409 1254 7884]
07/09 09:59:27 PM | Valid: [  1/600] Step 000/061 Loss: 0.276 Recall: 0.750 FA: 30 F1: 0.461538
07/09 09:59:27 PM | [206  30   5  15]
07/09 09:59:33 PM | Valid: [  1/600] Final Recall 71.0744% FA 767 F1: 43.1348%
07/09 09:59:33 PM | [6179  767  140  344]
07/09 09:59:33 PM | Valid: Time Spent: 6.407402s
07/09 09:59:33 PM | 

07/09 09:59:33 PM | [0.43134796238244516]
07/09 10:03:04 PM | Model size = 1.236 MB
07/09 10:03:04 PM | Epoch 0 LR 0.05
07/09 10:03:05 PM | Train: [  1/600] Step 000/071 Loss: 1.137 Recall: 0.279 FA: 84 F1: 0.289157
07/09 10:03:05 PM | [43 84 93 36]
07/09 10:03:22 PM | Train: [  1/600] Step 050/071 Loss: 0.586 Recall: 0.893 FA: 11 F1: 0.900826
07/09 10:03:22 PM | [123  11  13 109]
07/09 10:03:29 PM | Train: [  1/600] Step 071/071 Loss: 0.538 Recall: 0.952 FA: 7 F1: 0.833333
07/09 10:03:29 PM | [21  7  1 20]
07/09 10:03:29 PM | Train: [  1/600] Final Recall 83.8345% FA 1530 F1: 83.5731%
07/09 10:03:29 PM | [7583 1530 1473 7639]
07/09 10:03:29 PM | Valid: [  1/600] Step 000/061 Loss: 0.444 Recall: 0.818 FA: 34 F1: 0.486486
07/09 10:03:29 PM | [200  34   4  18]
07/09 10:03:33 PM | Valid: [  1/600] Final Recall 79.5960% FA 980 F1: 42.1616%
07/09 10:03:33 PM | [6205  980  101  394]
07/09 10:03:33 PM | Valid: Time Spent: 3.718247s
07/09 10:03:33 PM | 

07/09 10:03:33 PM | [0.42161583734617447]
07/09 10:07:03 PM | Model size = 1.260 MB
07/09 10:07:03 PM | Epoch 0 LR 0.05
07/09 10:07:05 PM | Train: [  1/600] Step 000/071 Loss: 1.037 Recall: 0.515 FA: 83 F1: 0.484429
07/09 10:07:05 PM | [37 83 66 70]
07/09 10:07:24 PM | Train: [  1/600] Step 050/071 Loss: 0.634 Recall: 0.901 FA: 25 F1: 0.854902
07/09 10:07:24 PM | [110  25  12 109]
07/09 10:07:33 PM | Train: [  1/600] Step 071/071 Loss: 0.558 Recall: 0.955 FA: 8 F1: 0.823529
07/09 10:07:33 PM | [19  8  1 21]
07/09 10:07:33 PM | Train: [  1/600] Final Recall 84.2583% FA 1514 F1: 83.8265%
07/09 10:07:33 PM | [7684 1514 1421 7606]
07/09 10:07:33 PM | Valid: [  1/600] Step 000/061 Loss: 0.360 Recall: 0.727 FA: 35 F1: 0.296296
07/09 10:07:33 PM | [210  35   3   8]
07/09 10:07:38 PM | Valid: [  1/600] Final Recall 84.6316% FA 1018 F1: 42.4274%
07/09 10:07:38 PM | [5937 1018   73  402]
07/09 10:07:38 PM | Valid: Time Spent: 4.822260s
07/09 10:07:38 PM | 

07/09 10:07:38 PM | [0.42427440633245384]
07/09 10:11:08 PM | Model size = 1.419 MB
07/09 10:11:08 PM | Epoch 0 LR 0.05
07/09 10:11:10 PM | Train: [  1/600] Step 000/071 Loss: 1.026 Recall: 0.570 FA: 25 F1: 0.649789
07/09 10:11:10 PM | [96 25 58 77]
07/09 10:11:30 PM | Train: [  1/600] Step 050/071 Loss: 0.542 Recall: 0.955 FA: 24 F1: 0.880658
07/09 10:11:30 PM | [120  24   5 107]
07/09 10:11:40 PM | Train: [  1/600] Step 071/071 Loss: 0.501 Recall: 0.895 FA: 8 F1: 0.772727
07/09 10:11:40 PM | [22  8  2 17]
07/09 10:11:40 PM | Train: [  1/600] Final Recall 85.8334% FA 1514 F1: 84.7959%
07/09 10:11:40 PM | [7598 1514 1291 7822]
07/09 10:11:40 PM | Valid: [  1/600] Step 000/061 Loss: 1.294 Recall: 0.938 FA: 61 F1: 0.326087
07/09 10:11:40 PM | [179  61   1  15]
07/09 10:11:44 PM | Valid: [  1/600] Final Recall 74.0891% FA 1654 F1: 29.1169%
07/09 10:11:44 PM | [5532 1654  128  366]
07/09 10:11:44 PM | Valid: Time Spent: 4.222915s
07/09 10:11:44 PM | 

07/09 10:11:44 PM | [0.2911694510739857]
07/09 10:15:12 PM | Model size = 1.487 MB
07/09 10:15:12 PM | Epoch 0 LR 0.05
07/09 10:15:14 PM | Train: [  1/600] Step 000/071 Loss: 1.131 Recall: 0.440 FA: 99 F1: 0.410596
07/09 10:15:14 PM | [16 99 79 62]
07/09 10:15:36 PM | Train: [  1/600] Step 050/071 Loss: 0.578 Recall: 0.867 FA: 14 F1: 0.879699
07/09 10:15:36 PM | [107  14  18 117]
07/09 10:15:44 PM | Train: [  1/600] Step 071/071 Loss: 0.530 Recall: 0.960 FA: 4 F1: 0.905660
07/09 10:15:44 PM | [20  4  1 24]
07/09 10:15:44 PM | Train: [  1/600] Final Recall 83.7935% FA 1583 F1: 83.1752%
07/09 10:15:44 PM | [7695 1583 1450 7497]
07/09 10:15:44 PM | Valid: [  1/600] Step 000/061 Loss: 0.302 Recall: 0.538 FA: 28 F1: 0.291667
07/09 10:15:44 PM | [215  28   6   7]
07/09 10:15:49 PM | Valid: [  1/600] Final Recall 75.4202% FA 1030 F1: 38.4987%
07/09 10:15:49 PM | [5924 1030  117  359]
07/09 10:15:49 PM | Valid: Time Spent: 4.984938s
07/09 10:15:49 PM | 

07/09 10:15:49 PM | [0.38498659517426276]
07/09 10:19:21 PM | Model size = 1.236 MB
07/09 10:19:21 PM | Epoch 0 LR 0.05
07/09 10:19:23 PM | Train: [  1/600] Step 000/071 Loss: 1.044 Recall: 0.500 FA: 81 F1: 0.454902
07/09 10:19:23 PM | [59 81 58 58]
07/09 10:19:41 PM | Train: [  1/600] Step 050/071 Loss: 0.652 Recall: 0.835 FA: 23 F1: 0.820513
07/09 10:19:41 PM | [118  23  19  96]
07/09 10:19:48 PM | Train: [  1/600] Step 071/071 Loss: 0.597 Recall: 0.862 FA: 4 F1: 0.862069
07/09 10:19:48 PM | [16  4  4 25]
07/09 10:19:48 PM | Train: [  1/600] Final Recall 83.3644% FA 1542 F1: 83.2457%
07/09 10:19:48 PM | [7570 1542 1516 7597]
07/09 10:19:48 PM | Valid: [  1/600] Step 000/061 Loss: 2.042 Recall: 0.800 FA: 47 F1: 0.324324
07/09 10:19:48 PM | [194  47   3  12]
07/09 10:19:52 PM | Valid: [  1/600] Final Recall 80.2444% FA 1451 F1: 33.7329%
07/09 10:19:52 PM | [5738 1451   97  394]
07/09 10:19:52 PM | Valid: Time Spent: 3.741621s
07/09 10:19:52 PM | 

07/09 10:19:52 PM | [0.3373287671232877]
07/09 10:23:22 PM | Model size = 1.363 MB
07/09 10:23:22 PM | Epoch 0 LR 0.05
07/09 10:23:24 PM | Train: [  1/600] Step 000/071 Loss: 0.985 Recall: 0.672 FA: 58 F1: 0.625954
07/09 10:23:24 PM | [76 58 40 82]
07/09 10:23:44 PM | Train: [  1/600] Step 050/071 Loss: 0.523 Recall: 0.846 FA: 7 F1: 0.891473
07/09 10:23:44 PM | [113   7  21 115]
07/09 10:23:54 PM | Train: [  1/600] Step 071/071 Loss: 0.478 Recall: 0.947 FA: 4 F1: 0.878049
07/09 10:23:54 PM | [26  4  1 18]
07/09 10:23:54 PM | Train: [  1/600] Final Recall 87.4462% FA 1479 F1: 85.8318%
07/09 10:23:54 PM | [7681 1479 1138 7927]
07/09 10:23:54 PM | Valid: [  1/600] Step 000/061 Loss: 0.316 Recall: 0.600 FA: 31 F1: 0.380952
07/09 10:23:54 PM | [205  31   8  12]
07/09 10:23:58 PM | Valid: [  1/600] Final Recall 70.1031% FA 708 F1: 44.3575%
07/09 10:23:58 PM | [6237  708  145  340]
07/09 10:23:58 PM | Valid: Time Spent: 4.214836s
07/09 10:23:58 PM | 

07/09 10:23:58 PM | [0.44357469015003254]
07/09 10:27:27 PM | Model size = 1.164 MB
07/09 10:27:27 PM | Epoch 0 LR 0.05
07/09 10:27:28 PM | Train: [  1/600] Step 000/071 Loss: 0.967 Recall: 0.679 FA: 48 F1: 0.669065
07/09 10:27:28 PM | [71 48 44 93]
07/09 10:27:46 PM | Train: [  1/600] Step 050/071 Loss: 0.670 Recall: 0.881 FA: 21 F1: 0.864469
07/09 10:27:46 PM | [101  21  16 118]
07/09 10:27:52 PM | Train: [  1/600] Step 071/071 Loss: 0.595 Recall: 0.905 FA: 5 F1: 0.844444
07/09 10:27:52 PM | [23  5  2 19]
07/09 10:27:52 PM | Train: [  1/600] Final Recall 82.9165% FA 1589 F1: 82.6776%
07/09 10:27:52 PM | [7639 1589 1537 7460]
07/09 10:27:53 PM | Valid: [  1/600] Step 000/061 Loss: 0.503 Recall: 0.846 FA: 35 F1: 0.372881
07/09 10:27:53 PM | [208  35   2  11]
07/09 10:27:57 PM | Valid: [  1/600] Final Recall 83.8115% FA 1166 F1: 39.6510%
07/09 10:27:57 PM | [6026 1166   79  409]
07/09 10:27:57 PM | Valid: Time Spent: 4.460773s
07/09 10:27:57 PM | 

07/09 10:27:57 PM | [0.3965099369849733]
07/09 10:31:32 PM | Model size = 1.304 MB
07/09 10:31:32 PM | Epoch 0 LR 0.05
07/09 10:31:33 PM | Train: [  1/600] Step 000/071 Loss: 0.845 Recall: 0.806 FA: 38 F1: 0.763359
07/09 10:31:33 PM | [ 94  38  24 100]
07/09 10:31:56 PM | Train: [  1/600] Step 050/071 Loss: 0.524 Recall: 0.992 FA: 31 F1: 0.881481
07/09 10:31:56 PM | [105  31   1 119]
07/09 10:32:03 PM | Train: [  1/600] Step 071/071 Loss: 0.484 Recall: 0.900 FA: 2 F1: 0.900000
07/09 10:32:03 PM | [27  2  2 18]
07/09 10:32:03 PM | Train: [  1/600] Final Recall 85.9366% FA 1379 F1: 85.4869%
07/09 10:32:03 PM | [7723 1379 1283 7840]
07/09 10:32:04 PM | Valid: [  1/600] Step 000/061 Loss: 0.303 Recall: 0.737 FA: 22 F1: 0.509091
07/09 10:32:04 PM | [215  22   5  14]
07/09 10:32:07 PM | Valid: [  1/600] Final Recall 60.2851% FA 639 F1: 41.5147%
07/09 10:32:07 PM | [6550  639  195  296]
07/09 10:32:07 PM | Valid: Time Spent: 3.975072s
07/09 10:32:07 PM | 

07/09 10:32:07 PM | [0.4151472650771389]
07/09 10:35:39 PM | Model size = 1.465 MB
07/09 10:35:39 PM | Epoch 0 LR 0.05
07/09 10:35:41 PM | Train: [  1/600] Step 000/071 Loss: 0.940 Recall: 0.679 FA: 26 F1: 0.723577
07/09 10:35:41 PM | [99 26 42 89]
07/09 10:36:00 PM | Train: [  1/600] Step 050/071 Loss: 0.566 Recall: 0.906 FA: 10 F1: 0.913386
07/09 10:36:00 PM | [118  10  12 116]
07/09 10:36:07 PM | Train: [  1/600] Step 071/071 Loss: 0.526 Recall: 0.769 FA: 4 F1: 0.800000
07/09 10:36:07 PM | [19  4  6 20]
07/09 10:36:07 PM | Train: [  1/600] Final Recall 85.0487% FA 1564 F1: 84.0580%
07/09 10:36:07 PM | [7625 1564 1351 7685]
07/09 10:36:07 PM | Valid: [  1/600] Step 000/061 Loss: 1.229 Recall: 0.818 FA: 43 F1: 0.433735
07/09 10:36:07 PM | [191  43   4  18]
07/09 10:36:13 PM | Valid: [  1/600] Final Recall 78.1316% FA 1133 F1: 37.3225%
07/09 10:36:13 PM | [5826 1133  103  368]
07/09 10:36:13 PM | Valid: Time Spent: 5.956961s
07/09 10:36:13 PM | 

07/09 10:36:13 PM | [0.37322515212981744]
07/09 10:39:41 PM | Model size = 1.457 MB
07/09 10:39:41 PM | Epoch 0 LR 0.05
07/09 10:39:42 PM | Train: [  1/600] Step 000/071 Loss: 1.005 Recall: 0.507 FA: 43 F1: 0.557769
07/09 10:39:42 PM | [75 43 68 70]
07/09 10:40:03 PM | Train: [  1/600] Step 050/071 Loss: 0.530 Recall: 0.925 FA: 24 F1: 0.860870
07/09 10:40:03 PM | [125  24   8  99]
07/09 10:40:13 PM | Train: [  1/600] Step 071/071 Loss: 0.491 Recall: 1.000 FA: 6 F1: 0.875000
07/09 10:40:13 PM | [22  6  0 21]
07/09 10:40:13 PM | Train: [  1/600] Final Recall 86.3607% FA 1460 F1: 85.3717%
07/09 10:40:13 PM | [7615 1460 1248 7902]
07/09 10:40:13 PM | Valid: [  1/600] Step 000/061 Loss: 0.483 Recall: 0.857 FA: 58 F1: 0.371134
07/09 10:40:13 PM | [177  58   3  18]
07/09 10:40:17 PM | Valid: [  1/600] Final Recall 90.0204% FA 1527 F1: 35.9350%
07/09 10:40:17 PM | [5662 1527   49  442]
07/09 10:40:17 PM | Valid: Time Spent: 4.598946s
07/09 10:40:17 PM | 

07/09 10:40:17 PM | [0.3593495934959349]
07/09 10:43:47 PM | Model size = 0.954 MB
07/09 10:43:47 PM | Epoch 0 LR 0.05
07/09 10:43:48 PM | Train: [  1/600] Step 000/071 Loss: 1.054 Recall: 0.462 FA: 49 F1: 0.504132
07/09 10:43:48 PM | [75 49 71 61]
07/09 10:44:01 PM | Train: [  1/600] Step 050/071 Loss: 0.900 Recall: 0.750 FA: 5 F1: 0.839506
07/09 10:44:01 PM | [115   5  34 102]
07/09 10:44:07 PM | Train: [  1/600] Step 071/071 Loss: 0.808 Recall: 0.893 FA: 5 F1: 0.862069
07/09 10:44:07 PM | [16  5  3 25]
07/09 10:44:07 PM | Train: [  1/600] Final Recall 80.9691% FA 1774 F1: 80.7827%
07/09 10:44:07 PM | [7350 1774 1732 7369]
07/09 10:44:07 PM | Valid: [  1/600] Step 000/061 Loss: 0.406 Recall: 0.875 FA: 44 F1: 0.471910
07/09 10:44:07 PM | [188  44   3  21]
07/09 10:44:11 PM | Valid: [  1/600] Final Recall 84.9576% FA 1505 F1: 33.7258%
07/09 10:44:11 PM | [5453 1505   71  401]
07/09 10:44:11 PM | Valid: Time Spent: 4.141497s
07/09 10:44:11 PM | 

07/09 10:44:11 PM | [0.33725820016820857]
07/09 10:47:43 PM | Model size = 1.304 MB
07/09 10:47:43 PM | Epoch 0 LR 0.05
07/09 10:47:44 PM | Train: [  1/600] Step 000/071 Loss: 0.907 Recall: 0.554 FA: 34 F1: 0.603604
07/09 10:47:44 PM | [101  34  54  67]
07/09 10:48:02 PM | Train: [  1/600] Step 050/071 Loss: 0.546 Recall: 0.882 FA: 12 F1: 0.895522
07/09 10:48:02 PM | [108  12  16 120]
07/09 10:48:09 PM | Train: [  1/600] Step 071/071 Loss: 0.495 Recall: 0.963 FA: 3 F1: 0.928571
07/09 10:48:09 PM | [19  3  1 26]
07/09 10:48:09 PM | Train: [  1/600] Final Recall 86.6213% FA 1476 F1: 85.4223%
07/09 10:48:09 PM | [7630 1476 1220 7899]
07/09 10:48:09 PM | Valid: [  1/600] Step 000/061 Loss: 0.362 Recall: 0.952 FA: 43 F1: 0.476190
07/09 10:48:09 PM | [192  43   1  20]
07/09 10:48:14 PM | Valid: [  1/600] Final Recall 92.9860% FA 1607 F1: 36.1089%
07/09 10:48:14 PM | [5574 1607   35  464]
07/09 10:48:14 PM | Valid: Time Spent: 4.874547s
07/09 10:48:14 PM | 

07/09 10:48:14 PM | [0.3610894941634242]
07/09 10:51:48 PM | Model size = 1.398 MB
07/09 10:51:48 PM | Epoch 0 LR 0.05
07/09 10:51:49 PM | Train: [  1/600] Step 000/071 Loss: 0.914 Recall: 0.658 FA: 35 F1: 0.672489
07/09 10:51:49 PM | [104  35  40  77]
07/09 10:52:10 PM | Train: [  1/600] Step 050/071 Loss: 0.527 Recall: 0.810 FA: 10 F1: 0.860465
07/09 10:52:10 PM | [109  10  26 111]
07/09 10:52:19 PM | Train: [  1/600] Step 071/071 Loss: 0.491 Recall: 0.962 FA: 1 F1: 0.961538
07/09 10:52:19 PM | [22  1  1 25]
07/09 10:52:19 PM | Train: [  1/600] Final Recall 86.5537% FA 1465 F1: 85.4997%
07/09 10:52:19 PM | [7553 1465 1238 7969]
07/09 10:52:19 PM | Valid: [  1/600] Step 000/061 Loss: 0.360 Recall: 0.765 FA: 19 F1: 0.530612
07/09 10:52:19 PM | [220  19   4  13]
07/09 10:52:24 PM | Valid: [  1/600] Final Recall 62.2363% FA 620 F1: 42.4766%
07/09 10:52:24 PM | [6336  620  179  295]
07/09 10:52:24 PM | Valid: Time Spent: 4.957724s
07/09 10:52:24 PM | 

07/09 10:52:24 PM | [0.42476601871850256]
07/09 10:55:59 PM | Model size = 1.329 MB
07/09 10:55:59 PM | Epoch 0 LR 0.05
07/09 10:56:00 PM | Train: [  1/600] Step 000/071 Loss: 1.200 Recall: 0.292 FA: 104 F1: 0.270270
07/09 10:56:00 PM | [ 32 104  85  35]
07/09 10:56:14 PM | Train: [  1/600] Step 050/071 Loss: 0.538 Recall: 0.910 FA: 19 F1: 0.887273
07/09 10:56:14 PM | [103  19  12 122]
07/09 10:56:19 PM | Train: [  1/600] Step 071/071 Loss: 0.498 Recall: 0.692 FA: 1 F1: 0.800000
07/09 10:56:19 PM | [22  1  8 18]
07/09 10:56:19 PM | Train: [  1/600] Final Recall 86.6850% FA 1573 F1: 84.9935%
07/09 10:56:19 PM | [7557 1573 1211 7884]
07/09 10:56:19 PM | Valid: [  1/600] Step 000/061 Loss: 0.205 Recall: 0.571 FA: 14 F1: 0.444444
07/09 10:56:19 PM | [228  14   6   8]
07/09 10:56:23 PM | Valid: [  1/600] Final Recall 44.1955% FA 444 F1: 37.6736%
07/09 10:56:23 PM | [6745  444  274  217]
07/09 10:56:23 PM | Valid: Time Spent: 4.015358s
07/09 10:56:23 PM | 

07/09 10:56:23 PM | [0.37673611111111116]
07/09 11:00:01 PM | Model size = 1.236 MB
07/09 11:00:01 PM | Epoch 0 LR 0.05
07/09 11:00:03 PM | Train: [  1/600] Step 000/071 Loss: 0.909 Recall: 0.593 FA: 27 F1: 0.661157
07/09 11:00:03 PM | [94 27 55 80]
07/09 11:00:21 PM | Train: [  1/600] Step 050/071 Loss: 0.521 Recall: 0.735 FA: 9 F1: 0.816327
07/09 11:00:21 PM | [111   9  36 100]
07/09 11:00:28 PM | Train: [  1/600] Step 071/071 Loss: 0.498 Recall: 0.750 FA: 3 F1: 0.813559
07/09 11:00:28 PM | [14  3  8 24]
07/09 11:00:29 PM | Train: [  1/600] Final Recall 85.5295% FA 1371 F1: 85.2911%
07/09 11:00:29 PM | [7732 1371 1320 7802]
07/09 11:00:29 PM | Valid: [  1/600] Step 000/061 Loss: 0.235 Recall: 0.000 FA: 0 F1: 0.000000
07/09 11:00:29 PM | [238   0  18   0]
07/09 11:00:33 PM | Valid: [  1/600] Final Recall 2.9289% FA 8 F1: 5.6000%
07/09 11:00:33 PM | [6944    8  464   14]
07/09 11:00:33 PM | Valid: Time Spent: 4.472196s
07/09 11:00:33 PM | 

07/09 11:00:33 PM | [0.055999999999999994]
07/09 11:04:10 PM | Model size = 1.363 MB
07/09 11:04:10 PM | Epoch 0 LR 0.05
07/09 11:04:11 PM | Train: [  1/600] Step 000/071 Loss: 1.031 Recall: 0.563 FA: 95 F1: 0.486301
07/09 11:04:11 PM | [35 95 55 71]
07/09 11:04:31 PM | Train: [  1/600] Step 050/071 Loss: 0.618 Recall: 0.732 FA: 13 F1: 0.801587
07/09 11:04:31 PM | [105  13  37 101]
07/09 11:04:39 PM | Train: [  1/600] Step 071/071 Loss: 0.567 Recall: 1.000 FA: 6 F1: 0.884615
07/09 11:04:39 PM | [20  6  0 23]
07/09 11:04:39 PM | Train: [  1/600] Final Recall 83.5132% FA 1686 F1: 82.7285%
07/09 11:04:39 PM | [7368 1686 1512 7659]
07/09 11:04:39 PM | Valid: [  1/600] Step 000/061 Loss: 0.315 Recall: 0.800 FA: 43 F1: 0.342857
07/09 11:04:39 PM | [198  43   3  12]
07/09 11:04:44 PM | Valid: [  1/600] Final Recall 87.9837% FA 1142 F1: 41.8402%
07/09 11:04:44 PM | [6047 1142   59  432]
07/09 11:04:44 PM | Valid: Time Spent: 5.038595s
07/09 11:04:44 PM | 

07/09 11:04:44 PM | [0.4184019370460048]
07/09 11:08:22 PM | Model size = 1.295 MB
07/09 11:08:22 PM | Epoch 0 LR 0.05
07/09 11:08:23 PM | Train: [  1/600] Step 000/071 Loss: 0.886 Recall: 0.705 FA: 33 F1: 0.713693
07/09 11:08:23 PM | [101  33  36  86]
07/09 11:08:41 PM | Train: [  1/600] Step 050/071 Loss: 0.561 Recall: 0.982 FA: 48 F1: 0.813433
07/09 11:08:41 PM | [ 97  48   2 109]
07/09 11:08:48 PM | Train: [  1/600] Step 071/071 Loss: 0.518 Recall: 0.750 FA: 1 F1: 0.837209
07/09 11:08:48 PM | [24  1  6 18]
07/09 11:08:48 PM | Train: [  1/600] Final Recall 85.2746% FA 1527 F1: 84.3546%
07/09 11:08:48 PM | [7666 1527 1330 7702]
07/09 11:08:48 PM | Valid: [  1/600] Step 000/061 Loss: 0.132 Recall: 0.667 FA: 8 F1: 0.571429
07/09 11:08:48 PM | [236   8   4   8]
07/09 11:08:53 PM | Valid: [  1/600] Final Recall 49.1525% FA 428 F1: 40.9894%
07/09 11:08:53 PM | [6530  428  240  232]
07/09 11:08:53 PM | Valid: Time Spent: 4.723403s
07/09 11:08:53 PM | 

07/09 11:08:53 PM | [0.40989399293286216]
07/09 11:12:39 PM | Model size = 1.292 MB
07/09 11:12:39 PM | Epoch 0 LR 0.05
07/09 11:12:40 PM | Train: [  1/600] Step 000/071 Loss: 1.059 Recall: 0.421 FA: 90 F1: 0.394052
07/09 11:12:40 PM | [40 90 73 53]
07/09 11:12:59 PM | Train: [  1/600] Step 050/071 Loss: 0.670 Recall: 0.864 FA: 16 F1: 0.867470
07/09 11:12:59 PM | [115  16  17 108]
07/09 11:13:06 PM | Train: [  1/600] Step 071/071 Loss: 0.599 Recall: 0.826 FA: 8 F1: 0.760000
07/09 11:13:06 PM | [18  8  4 19]
07/09 11:13:07 PM | Train: [  1/600] Final Recall 83.3333% FA 1774 F1: 82.1940%
07/09 11:13:07 PM | [7325 1774 1521 7605]
07/09 11:13:07 PM | Valid: [  1/600] Step 000/061 Loss: 0.583 Recall: 0.941 FA: 69 F1: 0.313725
07/09 11:13:07 PM | [170  69   1  16]
07/09 11:13:11 PM | Valid: [  1/600] Final Recall 96.5795% FA 1905 F1: 33.3102%
07/09 11:13:11 PM | [5278 1905   17  480]
07/09 11:13:11 PM | Valid: Time Spent: 4.017551s
07/09 11:13:11 PM | 

07/09 11:13:11 PM | [0.3331020124913255]
07/09 11:16:52 PM | Model size = 1.330 MB
07/09 11:16:52 PM | Epoch 0 LR 0.05
07/09 11:16:53 PM | Train: [  1/600] Step 000/071 Loss: 1.110 Recall: 0.310 FA: 82 F1: 0.318725
07/09 11:16:53 PM | [45 82 89 40]
07/09 11:17:08 PM | Train: [  1/600] Step 050/071 Loss: 0.638 Recall: 0.879 FA: 21 F1: 0.846847
07/09 11:17:08 PM | [128  21  13  94]
07/09 11:17:14 PM | Train: [  1/600] Step 071/071 Loss: 0.581 Recall: 0.810 FA: 9 F1: 0.723404
07/09 11:17:14 PM | [19  9  4 17]
07/09 11:17:14 PM | Train: [  1/600] Final Recall 82.8688% FA 1632 F1: 82.4902%
07/09 11:17:14 PM | [7551 1632 1549 7493]
07/09 11:17:14 PM | Valid: [  1/600] Step 000/061 Loss: 0.372 Recall: 0.938 FA: 35 F1: 0.454545
07/09 11:17:14 PM | [205  35   1  15]
07/09 11:17:18 PM | Valid: [  1/600] Final Recall 79.3991% FA 951 F1: 41.4102%
07/09 11:17:18 PM | [6013  951   96  370]
07/09 11:17:18 PM | Valid: Time Spent: 4.756246s
07/09 11:17:18 PM | 

07/09 11:17:18 PM | [0.4141018466703973]
07/09 11:20:50 PM | Model size = 1.300 MB
07/09 11:20:50 PM | Epoch 0 LR 0.05
07/09 11:20:51 PM | Train: [  1/600] Step 000/071 Loss: 0.854 Recall: 0.740 FA: 45 F1: 0.706767
07/09 11:20:51 PM | [84 45 33 94]
07/09 11:21:12 PM | Train: [  1/600] Step 050/071 Loss: 0.518 Recall: 0.910 FA: 20 F1: 0.884058
07/09 11:21:12 PM | [102  20  12 122]
07/09 11:21:20 PM | Train: [  1/600] Step 071/071 Loss: 0.475 Recall: 1.000 FA: 5 F1: 0.888889
07/09 11:21:20 PM | [24  5  0 20]
07/09 11:21:20 PM | Train: [  1/600] Final Recall 87.8259% FA 1387 F1: 86.6266%
07/09 11:21:20 PM | [7556 1387 1130 8152]
07/09 11:21:20 PM | Valid: [  1/600] Step 000/061 Loss: 0.303 Recall: 0.750 FA: 39 F1: 0.358209
07/09 11:21:20 PM | [201  39   4  12]
07/09 11:21:24 PM | Valid: [  1/600] Final Recall 72.3108% FA 871 F1: 41.8203%
07/09 11:21:24 PM | [6307  871  139  363]
07/09 11:21:24 PM | Valid: Time Spent: 4.075374s
07/09 11:21:24 PM | 

07/09 11:21:24 PM | [0.4182027649769586]
07/09 11:24:54 PM | Model size = 1.585 MB
07/09 11:24:54 PM | Epoch 0 LR 0.05
07/09 11:24:56 PM | Train: [  1/600] Step 000/071 Loss: 0.904 Recall: 0.539 FA: 25 F1: 0.621622
07/09 11:24:56 PM | [103  25  59  69]
07/09 11:25:17 PM | Train: [  1/600] Step 050/071 Loss: 0.542 Recall: 0.841 FA: 21 F1: 0.840909
07/09 11:25:17 PM | [103  21  21 111]
07/09 11:25:26 PM | Train: [  1/600] Step 071/071 Loss: 0.513 Recall: 0.875 FA: 4 F1: 0.857143
07/09 11:25:26 PM | [21  4  3 21]
07/09 11:25:26 PM | Train: [  1/600] Final Recall 85.8202% FA 1512 F1: 84.8393%
07/09 11:25:26 PM | [7545 1512 1300 7868]
07/09 11:25:26 PM | Valid: [  1/600] Step 000/061 Loss: 0.481 Recall: 0.556 FA: 34 F1: 0.322581
07/09 11:25:26 PM | [204  34   8  10]
07/09 11:25:32 PM | Valid: [  1/600] Final Recall 68.7234% FA 880 F1: 38.6133%
07/09 11:25:32 PM | [6080  880  147  323]
07/09 11:25:32 PM | Valid: Time Spent: 5.717168s
07/09 11:25:32 PM | 

07/09 11:25:32 PM | [0.3861326957561268]
07/09 11:29:11 PM | Model size = 1.453 MB
07/09 11:29:11 PM | Epoch 0 LR 0.05
07/09 11:29:12 PM | Train: [  1/600] Step 000/071 Loss: 0.940 Recall: 0.656 FA: 43 F1: 0.658824
07/09 11:29:12 PM | [85 43 44 84]
07/09 11:29:36 PM | Train: [  1/600] Step 050/071 Loss: 0.588 Recall: 0.877 FA: 10 F1: 0.899628
07/09 11:29:36 PM | [108  10  17 121]
07/09 11:29:45 PM | Train: [  1/600] Step 071/071 Loss: 0.535 Recall: 0.852 FA: 3 F1: 0.867925
07/09 11:29:45 PM | [19  3  4 23]
07/09 11:29:45 PM | Train: [  1/600] Final Recall 85.0697% FA 1565 F1: 84.0702%
07/09 11:29:45 PM | [7618 1565 1350 7692]
07/09 11:29:45 PM | Valid: [  1/600] Step 000/061 Loss: 1.459 Recall: 0.909 FA: 95 F1: 0.172414
07/09 11:29:45 PM | [150  95   1  10]
07/09 11:29:50 PM | Valid: [  1/600] Final Recall 95.8167% FA 2690 F1: 26.1911%
07/09 11:29:50 PM | [4488 2690   21  481]
07/09 11:29:50 PM | Valid: Time Spent: 5.378724s
07/09 11:29:50 PM | 

07/09 11:29:50 PM | [0.26191124421453854]
07/09 11:33:20 PM | Model size = 1.420 MB
07/09 11:33:20 PM | Epoch 0 LR 0.05
07/09 11:33:22 PM | Train: [  1/600] Step 000/071 Loss: 0.945 Recall: 0.667 FA: 38 F1: 0.682171
07/09 11:33:22 PM | [86 38 44 88]
07/09 11:33:41 PM | Train: [  1/600] Step 050/071 Loss: 0.501 Recall: 0.840 FA: 10 F1: 0.876494
07/09 11:33:41 PM | [115  10  21 110]
07/09 11:33:49 PM | Train: [  1/600] Step 071/071 Loss: 0.463 Recall: 0.750 FA: 1 F1: 0.837209
07/09 11:33:49 PM | [24  1  6 18]
07/09 11:33:50 PM | Train: [  1/600] Final Recall 87.1714% FA 1299 F1: 86.5905%
07/09 11:33:50 PM | [7759 1299 1176 7991]
07/09 11:33:50 PM | Valid: [  1/600] Step 000/061 Loss: 0.277 Recall: 0.385 FA: 21 F1: 0.256410
07/09 11:33:50 PM | [222  21   8   5]
07/09 11:33:54 PM | Valid: [  1/600] Final Recall 54.8729% FA 529 F1: 41.1111%
07/09 11:33:54 PM | [6429  529  213  259]
07/09 11:33:54 PM | Valid: Time Spent: 4.894639s
07/09 11:33:54 PM | 

07/09 11:33:54 PM | [0.41111111111111115]
07/09 11:37:39 PM | Model size = 1.202 MB
07/09 11:37:39 PM | Epoch 0 LR 0.05
07/09 11:37:40 PM | Train: [  1/600] Step 000/071 Loss: 0.955 Recall: 0.590 FA: 27 F1: 0.651584
07/09 11:37:40 PM | [107  27  50  72]
07/09 11:37:58 PM | Train: [  1/600] Step 050/071 Loss: 0.688 Recall: 0.789 FA: 13 F1: 0.834711
07/09 11:37:58 PM | [115  13  27 101]
07/09 11:38:05 PM | Train: [  1/600] Step 071/071 Loss: 0.598 Recall: 0.871 FA: 3 F1: 0.885246
07/09 11:38:05 PM | [15  3  4 27]
07/09 11:38:05 PM | Train: [  1/600] Final Recall 83.8832% FA 1564 F1: 83.3600%
07/09 11:38:05 PM | [7658 1564 1451 7552]
07/09 11:38:05 PM | Valid: [  1/600] Step 000/061 Loss: 0.261 Recall: 0.846 FA: 23 F1: 0.468085
07/09 11:38:05 PM | [220  23   2  11]
07/09 11:38:09 PM | Valid: [  1/600] Final Recall 65.8635% FA 675 F1: 43.7042%
07/09 11:38:09 PM | [6507  675  170  328]
07/09 11:38:09 PM | Valid: Time Spent: 3.849313s
07/09 11:38:09 PM | 

07/09 11:38:09 PM | [0.4370419720186542]
07/09 11:41:50 PM | Model size = 1.488 MB
07/09 11:41:50 PM | Epoch 0 LR 0.05
07/09 11:41:52 PM | Train: [  1/600] Step 000/071 Loss: 1.020 Recall: 0.582 FA: 60 F1: 0.579505
07/09 11:41:52 PM | [55 60 59 82]
07/09 11:42:14 PM | Train: [  1/600] Step 050/071 Loss: 0.537 Recall: 0.833 FA: 16 F1: 0.850202
07/09 11:42:14 PM | [114  16  21 105]
07/09 11:42:24 PM | Train: [  1/600] Step 071/071 Loss: 0.497 Recall: 0.769 FA: 1 F1: 0.851064
07/09 11:42:24 PM | [22  1  6 20]
07/09 11:42:24 PM | Train: [  1/600] Final Recall 85.1458% FA 1415 F1: 84.8667%
07/09 11:42:24 PM | [7688 1415 1355 7767]
07/09 11:42:24 PM | Valid: [  1/600] Step 000/061 Loss: 0.347 Recall: 0.875 FA: 39 F1: 0.405797
07/09 11:42:24 PM | [201  39   2  14]
07/09 11:42:31 PM | Valid: [  1/600] Final Recall 93.8947% FA 1435 F1: 37.8608%
07/09 11:42:31 PM | [5520 1435   29  446]
07/09 11:42:31 PM | Valid: Time Spent: 6.679429s
07/09 11:42:31 PM | 

07/09 11:42:31 PM | [0.37860780984719866]
